2026-03-25 20:23:09,840 | INFO | Config: configs/default_hybrid.yaml, Scheme: hybrid
2026-03-25 20:23:09,840 | INFO | Log file: logs/train_20260325_202309.log
2026-03-25 20:23:09,840 | INFO | Device: cuda
2026-03-25 20:23:10,209 | INFO | Train pairs: 130260, Val pairs: 9940
2026-03-25 20:23:13,572 | INFO | Model: HybridPipelineModel, K=512
2026-03-25 20:52:55,640 | INFO |   [EMA] Reinitialized 1 dead prototypes
2026-03-25 20:53:30,949 | INFO |   [EMA] Reinitialized 1 dead prototypes
2026-03-25 20:53:34,935 | INFO |   [EMA] Reinitialized 1 dead prototypes
2026-03-25 20:53:58,468 | INFO |   [EMA] Reinitialized 3 dead prototypes
2026-03-25 20:54:02,391 | INFO |   [EMA] Reinitialized 2 dead prototypes
2026-03-25 20:54:06,329 | INFO |   [EMA] Reinitialized 1 dead prototypes
2026-03-25 20:54:10,268 | INFO |   [EMA] Reinitialized 1 dead prototypes
2026-03-25 20:54:18,025 | INFO |   [EMA] Reinitialized 2 dead prototypes
2026-03-25 20:54:21,989 | INFO |   [EMA] Reinitialized 2 dead prototypes
2026-03-25 20:54:25,910 | INFO |   [EMA] Reinitialized 1 dead prototypes
2026-03-25 20:54:29,822 | INFO |   [EMA] Reinitialized 3 dead prototypes
2026-03-25 20:54:33,743 | INFO |   [EMA] Reinitialized 1 dead prototypes
2026-03-25 20:54:41,592 | INFO |   [EMA] Reinitialized 2 dead prototypes
2026-03-25 20:54:53,341 | INFO |   [EMA] Reinitialized 1 dead prototypes
2026-03-25 20:54:57,253 | INFO |   [EMA] Reinitialized 1 dead prototypes
2026-03-25 20:55:05,091 | INFO |   [EMA] Reinitialized 4 dead prototypes
2026-03-25 20:55:08,983 | INFO |   [EMA] Reinitialized 2 dead prototypes
2026-03-25 20:55:12,879 | INFO |   [EMA] Reinitialized 1 dead prototypes
2026-03-25 20:55:16,842 | INFO |   [EMA] Reinitialized 2 dead prototypes
2026-03-25 20:55:20,749 | INFO |   [EMA] Reinitialized 3 dead prototypes
2026-03-25 20:55:28,655 | INFO |   [EMA] Reinitialized 3 dead prototypes
2026-03-25 20:55:32,606 | INFO |   [EMA] Reinitialized 4 dead prototypes
2026-03-25 20:55:40,537 | INFO |   [EMA] Reinitialized 1 dead prototypes
2026-03-25 20:55:44,441 | INFO |   [EMA] Reinitialized 4 dead prototypes
2026-03-25 20:55:48,422 | INFO |   [EMA] Reinitialized 2 dead prototypes
2026-03-25 20:55:52,329 | INFO |   [EMA] Reinitialized 2 dead prototypes
2026-03-25 20:55:56,253 | INFO |   [EMA] Reinitialized 5 dead prototypes
2026-03-25 20:56:04,074 | INFO |   [EMA] Reinitialized 1 dead prototypes
2026-03-25 20:56:07,979 | INFO |   [EMA] Reinitialized 3 dead prototypes
2026-03-25 20:56:11,856 | INFO |   [EMA] Reinitialized 2 dead prototypes
2026-03-25 20:56:15,769 | INFO |   [EMA] Reinitialized 1 dead prototypes
2026-03-25 20:56:23,608 | INFO |   [EMA] Reinitialized 1 dead prototypes
2026-03-25 20:56:27,517 | INFO |   [EMA] Reinitialized 2 dead prototypes
2026-03-25 20:56:35,319 | INFO |   [EMA] Reinitialized 2 dead prototypes
2026-03-25 20:56:39,257 | INFO |   [EMA] Reinitialized 2 dead prototypes
2026-03-25 20:56:47,120 | INFO |   [EMA] Reinitialized 2 dead prototypes
2026-03-25 20:56:51,013 | INFO |   [EMA] Reinitialized 3 dead prototypes
2026-03-25 20:56:54,948 | INFO |   [EMA] Reinitialized 2 dead prototypes
2026-03-25 20:56:58,895 | INFO |   [EMA] Reinitialized 4 dead prototypes
2026-03-25 20:57:02,825 | INFO |   [EMA] Reinitialized 2 dead prototypes
2026-03-25 20:57:06,745 | INFO |   [EMA] Reinitialized 1 dead prototypes
2026-03-25 20:57:14,619 | INFO |   [EMA] Reinitialized 1 dead prototypes
2026-03-25 20:57:22,458 | INFO |   [EMA] Reinitialized 1 dead prototypes
2026-03-25 20:57:26,323 | INFO |   [EMA] Reinitialized 3 dead prototypes
2026-03-25 20:57:30,314 | INFO |   [EMA] Reinitialized 1 dead prototypes
2026-03-25 20:57:34,194 | INFO |   [EMA] Reinitialized 1 dead prototypes
2026-03-25 20:57:38,113 | INFO |   [EMA] Reinitialized 2 dead prototypes
2026-03-25 20:57:42,034 | INFO |   [EMA] Reinitialized 17 dead prototypes
2026-03-25 20:57:45,911 | INFO |   [EMA] Reinitialized 1 dead prototypes
2026-03-25 20:57:49,819 | INFO |   [EMA] Reinitialized 10 dead prototypes
2026-03-25 20:57:53,733 | INFO |   [EMA] Reinitialized 4 dead prototypes
2026-03-25 20:58:01,539 | INFO |   [EMA] Reinitialized 3 dead prototypes
2026-03-25 20:58:05,480 | INFO |   [EMA] Reinitialized 6 dead prototypes
2026-03-25 20:58:09,385 | INFO |   [EMA] Reinitialized 3 dead prototypes
2026-03-25 20:58:13,296 | INFO |   [EMA] Reinitialized 2 dead prototypes
2026-03-25 20:58:21,195 | INFO |   [EMA] Reinitialized 5 dead prototypes
2026-03-25 20:58:25,150 | INFO |   [EMA] Reinitialized 4 dead prototypes
2026-03-25 20:58:29,077 | INFO |   [EMA] Reinitialized 4 dead prototypes
2026-03-25 20:58:36,966 | INFO |   [EMA] Reinitialized 1 dead prototypes
2026-03-25 20:58:40,863 | INFO |   [EMA] Reinitialized 5 dead prototypes
2026-03-25 20:58:44,782 | INFO |   [EMA] Reinitialized 7 dead prototypes
2026-03-25 20:58:48,718 | INFO |   [EMA] Reinitialized 1 dead prototypes
2026-03-25 20:58:52,651 | INFO |   [EMA] Reinitialized 8 dead prototypes
2026-03-25 20:58:56,527 | INFO |   [EMA] Reinitialized 6 dead prototypes
2026-03-25 20:59:04,374 | INFO |   [EMA] Reinitialized 9 dead prototypes
2026-03-25 20:59:08,240 | INFO |   [EMA] Reinitialized 4 dead prototypes
2026-03-25 20:59:12,117 | INFO |   [EMA] Reinitialized 10 dead prototypes
2026-03-25 20:59:16,018 | INFO |   [EMA] Reinitialized 4 dead prototypes
2026-03-25 20:59:19,968 | INFO |   [EMA] Reinitialized 5 dead prototypes
2026-03-25 20:59:23,901 | INFO |   [EMA] Reinitialized 4 dead prototypes
2026-03-25 20:59:27,782 | INFO |   [EMA] Reinitialized 24 dead prototypes
2026-03-25 20:59:31,666 | INFO |   [EMA] Reinitialized 2 dead prototypes
2026-03-25 20:59:35,572 | INFO |   [EMA] Reinitialized 2 dead prototypes
2026-03-25 20:59:39,514 | INFO |   [EMA] Reinitialized 1 dead prototypes
2026-03-25 20:59:43,455 | INFO |   [EMA] Reinitialized 8 dead prototypes
2026-03-25 20:59:47,345 | INFO |   [EMA] Reinitialized 9 dead prototypes
2026-03-25 20:59:51,239 | INFO |   [EMA] Reinitialized 6 dead prototypes
2026-03-25 20:59:55,160 | INFO |   [EMA] Reinitialized 8 dead prototypes
2026-03-25 20:59:59,058 | INFO |   [EMA] Reinitialized 2 dead prototypes
2026-03-25 21:00:02,985 | INFO |   [EMA] Reinitialized 8 dead prototypes
2026-03-25 21:00:06,906 | INFO |   [EMA] Reinitialized 4 dead prototypes
2026-03-25 21:00:10,887 | INFO |   [EMA] Reinitialized 2 dead prototypes
2026-03-25 21:00:14,785 | INFO |   [EMA] Reinitialized 5 dead prototypes
2026-03-25 21:00:18,708 | INFO |   [EMA] Reinitialized 3 dead prototypes
2026-03-25 21:00:22,619 | INFO |   [EMA] Reinitialized 10 dead prototypes
2026-03-25 21:00:26,524 | INFO |   [EMA] Reinitialized 12 dead prototypes
2026-03-25 21:00:30,418 | INFO |   [EMA] Reinitialized 11 dead prototypes
2026-03-25 21:00:34,324 | INFO |   [EMA] Reinitialized 21 dead prototypes
2026-03-25 21:00:38,199 | INFO |   [EMA] Reinitialized 1 dead prototypes
2026-03-25 21:00:42,129 | INFO |   [EMA] Reinitialized 3 dead prototypes
2026-03-25 21:00:46,090 | INFO |   [EMA] Reinitialized 1 dead prototypes
2026-03-25 21:00:50,040 | INFO |   [EMA] Reinitialized 4 dead prototypes
2026-03-25 21:00:57,875 | INFO |   [EMA] Reinitialized 11 dead prototypes
2026-03-25 21:01:01,779 | INFO |   [EMA] Reinitialized 7 dead prototypes
2026-03-25 21:01:13,422 | INFO |   [EMA] Reinitialized 7 dead prototypes
2026-03-25 21:01:17,300 | INFO |   [EMA] Reinitialized 3 dead prototypes
2026-03-25 21:01:21,195 | INFO |   [EMA] Reinitialized 1 dead prototypes
2026-03-25 21:01:25,113 | INFO |   [EMA] Reinitialized 4 dead prototypes
2026-03-25 21:01:29,021 | INFO |   [EMA] Reinitialized 3 dead prototypes
2026-03-25 21:01:32,932 | INFO |   [EMA] Reinitialized 1 dead prototypes
2026-03-25 21:01:36,869 | INFO |   [EMA] Reinitialized 5 dead prototypes
2026-03-25 21:01:40,782 | INFO |   [EMA] Reinitialized 36 dead prototypes
2026-03-25 21:01:44,698 | INFO |   [EMA] Reinitialized 1 dead prototypes
2026-03-25 21:02:00,375 | INFO |   [EMA] Reinitialized 2 dead prototypes
2026-03-25 21:02:04,327 | INFO |   [EMA] Reinitialized 1 dead prototypes
2026-03-25 21:02:16,130 | INFO |   [EMA] Reinitialized 2 dead prototypes
2026-03-25 21:02:20,064 | INFO |   [EMA] Reinitialized 1 dead prototypes
2026-03-25 21:02:27,927 | INFO |   [EMA] Reinitialized 1 dead prototypes
2026-03-25 21:02:39,746 | INFO |   [EMA] Reinitialized 2 dead prototypes
2026-03-25 21:02:43,643 | INFO |   [EMA] Reinitialized 1 dead prototypes
2026-03-25 21:02:59,330 | INFO |   [EMA] Reinitialized 1 dead prototypes
2026-03-25 21:03:07,221 | INFO |   [EMA] Reinitialized 2 dead prototypes
2026-03-25 21:03:11,133 | INFO |   [EMA] Reinitialized 2 dead prototypes
2026-03-25 21:03:26,755 | INFO |   [EMA] Reinitialized 1 dead prototypes
2026-03-25 21:03:34,612 | INFO |   [EMA] Reinitialized 1 dead prototypes
2026-03-25 21:03:46,349 | INFO |   [EMA] Reinitialized 1 dead prototypes
2026-03-25 21:04:21,645 | INFO |   [EMA] Reinitialized 1 dead prototypes
2026-03-25 21:04:33,478 | INFO |   [EMA] Reinitialized 1 dead prototypes
2026-03-25 21:04:41,314 | INFO |   [EMA] Reinitialized 1 dead prototypes
2026-03-25 21:04:53,119 | INFO |   [EMA] Reinitialized 2 dead prototypes
2026-03-25 21:05:20,545 | INFO |   [EMA] Reinitialized 2 dead prototypes
2026-03-25 21:05:24,468 | INFO |   [EMA] Reinitialized 1 dead prototypes
2026-03-25 21:05:36,268 | INFO |   [EMA] Reinitialized 2 dead prototypes
2026-03-25 21:05:44,094 | INFO |   [EMA] Reinitialized 2 dead prototypes
2026-03-25 21:05:47,959 | INFO |   [EMA] Reinitialized 2 dead prototypes
2026-03-25 21:06:19,324 | INFO |   [EMA] Reinitialized 1 dead prototypes
2026-03-25 21:06:23,238 | INFO |   [EMA] Reinitialized 1 dead prototypes
2026-03-25 21:06:27,148 | INFO |   [EMA] Reinitialized 1 dead prototypes
2026-03-25 21:06:34,992 | INFO |   [EMA] Reinitialized 1 dead prototypes
2026-03-25 21:06:38,942 | INFO |   [EMA] Reinitialized 2 dead prototypes
2026-03-25 21:06:50,747 | INFO |   [EMA] Reinitialized 2 dead prototypes
2026-03-25 21:06:58,529 | INFO |   [EMA] Reinitialized 2 dead prototypes
2026-03-25 21:07:33,703 | INFO |   [EMA] Reinitialized 1 dead prototypes
2026-03-25 21:08:12,793 | INFO |   [EMA] Reinitialized 4 dead prototypes
2026-03-25 21:08:40,093 | INFO |   [EMA] Reinitialized 1 dead prototypes
2026-03-25 21:09:38,711 | INFO |   [EMA] Reinitialized 1 dead prototypes
2026-03-25 21:11:51,794 | INFO |   [EMA] Reinitialized 1 dead prototypes
2026-03-25 21:16:10,744 | INFO |   [EMA] Reinitialized 1 dead prototypes
2026-03-25 21:34:35,185 | INFO | Epoch 1: train_loss=7.2491, val_loss=6.9694
2026-03-25 21:34:35,186 | INFO | EPOCH_SUMMARY | epoch=1 | train_loss=7.249061 | val_loss=6.969381 | swav_alpha=0.5 | tau=0.068320 | lr=0.00003333
2026-03-25 21:34:35,223 | INFO |   ✓ Best model saved (val_loss=6.9694)
2026-03-25 22:45:56,991 | INFO | Epoch 2: train_loss=6.0952, val_loss=6.7964
2026-03-25 22:45:56,991 | INFO | EPOCH_SUMMARY | epoch=2 | train_loss=6.095186 | val_loss=6.796422 | swav_alpha=0.5 | tau=0.065583 | lr=0.00006667
2026-03-25 22:45:57,028 | INFO |   ✓ Best model saved (val_loss=6.7964)
2026-03-25 23:57:12,441 | INFO | Epoch 3: train_loss=5.6554, val_loss=6.6801
2026-03-25 23:57:12,442 | INFO | EPOCH_SUMMARY | epoch=3 | train_loss=5.655401 | val_loss=6.680103 | swav_alpha=0.5 | tau=0.060439 | lr=0.00010000
2026-03-25 23:57:12,477 | INFO |   ✓ Best model saved (val_loss=6.6801)
2026-03-26 00:42:23,377 | INFO |   [EMA] Reinitialized 1 dead prototypes
2026-03-26 01:08:26,422 | INFO | Epoch 4: train_loss=5.2469, val_loss=6.6199
2026-03-26 01:08:26,422 | INFO | EPOCH_SUMMARY | epoch=4 | train_loss=5.246892 | val_loss=6.619851 | swav_alpha=0.5 | tau=0.054872 | lr=0.00009966
2026-03-26 01:08:26,483 | INFO |   ✓ Best model saved (val_loss=6.6199)
2026-03-26 01:27:50,763 | INFO |   [EMA] Reinitialized 1 dead prototypes
2026-03-26 01:54:15,481 | INFO |   [EMA] Reinitialized 1 dead prototypes
2026-03-26 01:54:27,243 | INFO |   [EMA] Reinitialized 1 dead prototypes
2026-03-26 02:01:22,106 | INFO |   [EMA] Reinitialized 1 dead prototypes
2026-03-26 02:01:53,494 | INFO |   [EMA] Reinitialized 1 dead prototypes
2026-03-26 02:05:36,341 | INFO |   [EMA] Reinitialized 1 dead prototypes
2026-03-26 02:09:37,727 | INFO |   [EMA] Reinitialized 1 dead prototypes
2026-03-26 02:10:51,589 | INFO |   [EMA] Reinitialized 1 dead prototypes
2026-03-26 02:19:41,408 | INFO | Epoch 5: train_loss=4.9062, val_loss=6.5941
2026-03-26 02:19:41,420 | INFO | EPOCH_SUMMARY | epoch=5 | train_loss=4.906230 | val_loss=6.594146 | swav_alpha=0.5 | tau=0.050608 | lr=0.00009865
2026-03-26 02:19:41,471 | INFO |   ✓ Best model saved (val_loss=6.5941)
2026-03-26 02:23:04,915 | INFO |   [EMA] Reinitialized 1 dead prototypes
2026-03-26 02:27:23,326 | INFO |   [EMA] Reinitialized 1 dead prototypes
2026-03-26 02:27:35,058 | INFO |   [EMA] Reinitialized 2 dead prototypes
2026-03-26 02:27:42,895 | INFO |   [EMA] Reinitialized 1 dead prototypes
2026-03-26 02:28:10,241 | INFO |   [EMA] Reinitialized 1 dead prototypes
2026-03-26 02:28:14,154 | INFO |   [EMA] Reinitialized 1 dead prototypes
2026-03-26 02:28:25,947 | INFO |   [EMA] Reinitialized 1 dead prototypes
2026-03-26 02:29:04,963 | INFO |   [EMA] Reinitialized 1 dead prototypes
2026-03-26 02:29:20,663 | INFO |   [EMA] Reinitialized 1 dead prototypes
2026-03-26 02:29:24,614 | INFO |   [EMA] Reinitialized 8 dead prototypes
2026-03-26 02:29:36,366 | INFO |   [EMA] Reinitialized 3 dead prototypes
2026-03-26 02:29:51,920 | INFO |   [EMA] Reinitialized 1 dead prototypes
2026-03-26 02:30:15,333 | INFO |   [EMA] Reinitialized 1 dead prototypes
2026-03-26 02:30:31,057 | INFO |   [EMA] Reinitialized 1 dead prototypes
2026-03-26 02:32:20,841 | INFO |   [EMA] Reinitialized 1 dead prototypes
2026-03-26 02:33:54,919 | INFO |   [EMA] Reinitialized 1 dead prototypes
2026-03-26 02:35:13,202 | INFO |   [EMA] Reinitialized 1 dead prototypes
2026-03-26 02:36:23,973 | INFO |   [EMA] Reinitialized 1 dead prototypes
2026-03-26 02:37:10,966 | INFO |   [EMA] Reinitialized 1 dead prototypes
2026-03-26 02:39:31,959 | INFO |   [EMA] Reinitialized 1 dead prototypes
2026-03-26 02:40:26,784 | INFO |   [EMA] Reinitialized 1 dead prototypes
2026-03-26 02:41:45,094 | INFO |   [EMA] Reinitialized 1 dead prototypes
2026-03-26 02:42:00,751 | INFO |   [EMA] Reinitialized 1 dead prototypes
2026-03-26 02:42:51,577 | INFO |   [EMA] Reinitialized 1 dead prototypes
2026-03-26 02:46:03,350 | INFO |   [EMA] Reinitialized 1 dead prototypes
2026-03-26 02:46:50,306 | INFO |   [EMA] Reinitialized 1 dead prototypes
2026-03-26 02:48:40,183 | INFO |   [EMA] Reinitialized 1 dead prototypes
2026-03-26 02:52:26,853 | INFO |   [EMA] Reinitialized 1 dead prototypes
2026-03-26 02:59:14,052 | INFO |   [EMA] Reinitialized 1 dead prototypes
2026-03-26 03:00:24,560 | INFO |   [EMA] Reinitialized 1 dead prototypes
2026-03-26 03:02:10,482 | INFO |   [EMA] Reinitialized 1 dead prototypes
2026-03-26 03:02:22,252 | INFO |   [EMA] Reinitialized 1 dead prototypes
2026-03-26 03:11:30,836 | INFO |   [EMA] Reinitialized 1 dead prototypes
2026-03-26 03:12:02,163 | INFO |   [EMA] Reinitialized 2 dead prototypes
2026-03-26 03:14:23,350 | INFO |   [EMA] Reinitialized 1 dead prototypes
2026-03-26 03:14:58,717 | INFO |   [EMA] Reinitialized 1 dead prototypes
2026-03-26 03:18:33,219 | INFO |   [EMA] Reinitialized 1 dead prototypes
2026-03-26 03:25:04,013 | INFO |   [EMA] Reinitialized 1 dead prototypes
2026-03-26 03:31:02,057 | INFO | Epoch 6: train_loss=4.7722, val_loss=6.6064
2026-03-26 03:31:02,057 | INFO | EPOCH_SUMMARY | epoch=6 | train_loss=4.772227 | val_loss=6.606447 | swav_alpha=0.5 | tau=0.046990 | lr=0.00009698
2026-03-26 03:42:38,439 | INFO |   [EMA] Reinitialized 1 dead prototypes
2026-03-26 03:42:50,249 | INFO |   [EMA] Reinitialized 1 dead prototypes
2026-03-26 03:44:31,911 | INFO |   [EMA] Reinitialized 1 dead prototypes
2026-03-26 03:45:50,081 | INFO |   [EMA] Reinitialized 1 dead prototypes
2026-03-26 03:48:38,396 | INFO |   [EMA] Reinitialized 1 dead prototypes
2026-03-26 03:49:05,760 | INFO |   [EMA] Reinitialized 1 dead prototypes
2026-03-26 03:55:29,112 | INFO |   [EMA] Reinitialized 1 dead prototypes
2026-03-26 03:56:19,985 | INFO |   [EMA] Reinitialized 1 dead prototypes
2026-03-26 03:59:58,874 | INFO |   [EMA] Reinitialized 1 dead prototypes
2026-03-26 04:06:50,097 | INFO |   [EMA] Reinitialized 1 dead prototypes
2026-03-26 04:07:52,906 | INFO |   [EMA] Reinitialized 1 dead prototypes
2026-03-26 04:11:16,280 | INFO |   [EMA] Reinitialized 1 dead prototypes
2026-03-26 04:11:59,367 | INFO |   [EMA] Reinitialized 1 dead prototypes
2026-03-26 04:13:21,746 | INFO |   [EMA] Reinitialized 1 dead prototypes
2026-03-26 04:15:11,523 | INFO |   [EMA] Reinitialized 1 dead prototypes
2026-03-26 04:16:33,566 | INFO |   [EMA] Reinitialized 1 dead prototypes
2026-03-26 04:20:20,274 | INFO |   [EMA] Reinitialized 1 dead prototypes
2026-03-26 04:24:15,434 | INFO |   [EMA] Reinitialized 1 dead prototypes
2026-03-26 04:25:25,939 | INFO |   [EMA] Reinitialized 1 dead prototypes
2026-03-26 04:27:46,581 | INFO |   [EMA] Reinitialized 1 dead prototypes
2026-03-26 04:32:18,249 | INFO |   [EMA] Reinitialized 1 dead prototypes
2026-03-26 04:36:47,519 | INFO |   [EMA] Reinitialized 1 dead prototypes
2026-03-26 04:42:17,907 | INFO | Epoch 7: train_loss=4.6299, val_loss=6.6215
2026-03-26 04:42:17,909 | INFO | EPOCH_SUMMARY | epoch=7 | train_loss=4.629944 | val_loss=6.621504 | swav_alpha=0.5 | tau=0.043467 | lr=0.00009468
2026-03-26 04:42:41,617 | INFO |   [EMA] Reinitialized 1 dead prototypes
2026-03-26 04:44:11,547 | INFO |   [EMA] Reinitialized 1 dead prototypes
2026-03-26 04:50:00,105 | INFO |   [EMA] Reinitialized 1 dead prototypes
2026-03-26 04:50:23,666 | INFO |   [EMA] Reinitialized 1 dead prototypes
2026-03-26 04:50:39,257 | INFO |   [EMA] Reinitialized 1 dead prototypes
2026-03-26 04:51:06,740 | INFO |   [EMA] Reinitialized 1 dead prototypes
2026-03-26 04:53:00,189 | INFO |   [EMA] Reinitialized 1 dead prototypes
2026-03-26 04:55:56,137 | INFO |   [EMA] Reinitialized 1 dead prototypes
2026-03-26 04:59:31,566 | INFO |   [EMA] Reinitialized 1 dead prototypes
2026-03-26 05:00:18,741 | INFO |   [EMA] Reinitialized 1 dead prototypes
2026-03-26 05:02:23,898 | INFO |   [EMA] Reinitialized 1 dead prototypes
2026-03-26 05:04:09,791 | INFO |   [EMA] Reinitialized 1 dead prototypes
2026-03-26 05:04:56,733 | INFO |   [EMA] Reinitialized 1 dead prototypes
2026-03-26 05:05:47,572 | INFO |   [EMA] Reinitialized 1 dead prototypes
2026-03-26 05:06:03,174 | INFO |   [EMA] Reinitialized 1 dead prototypes
2026-03-26 05:07:21,525 | INFO |   [EMA] Reinitialized 1 dead prototypes
2026-03-26 05:09:18,965 | INFO |   [EMA] Reinitialized 1 dead prototypes
2026-03-26 05:09:34,648 | INFO |   [EMA] Reinitialized 1 dead prototypes
2026-03-26 05:11:24,417 | INFO |   [EMA] Reinitialized 1 dead prototypes
2026-03-26 05:11:36,130 | INFO |   [EMA] Reinitialized 1 dead prototypes
2026-03-26 05:13:17,981 | INFO |   [EMA] Reinitialized 1 dead prototypes
2026-03-26 05:13:37,619 | INFO |   [EMA] Reinitialized 1 dead prototypes
2026-03-26 05:13:49,400 | INFO |   [EMA] Reinitialized 1 dead prototypes
2026-03-26 05:14:56,062 | INFO |   [EMA] Reinitialized 3 dead prototypes
2026-03-26 05:15:03,920 | INFO |   [EMA] Reinitialized 1 dead prototypes
2026-03-26 05:16:26,247 | INFO |   [EMA] Reinitialized 1 dead prototypes
2026-03-26 05:17:44,723 | INFO |   [EMA] Reinitialized 1 dead prototypes
2026-03-26 05:18:23,881 | INFO |   [EMA] Reinitialized 1 dead prototypes
2026-03-26 05:19:14,594 | INFO |   [EMA] Reinitialized 1 dead prototypes
2026-03-26 05:19:57,614 | INFO |   [EMA] Reinitialized 1 dead prototypes
2026-03-26 05:20:28,821 | INFO |   [EMA] Reinitialized 1 dead prototypes
2026-03-26 05:20:48,489 | INFO |   [EMA] Reinitialized 1 dead prototypes
2026-03-26 05:21:15,920 | INFO |   [EMA] Reinitialized 1 dead prototypes
2026-03-26 05:21:31,742 | INFO |   [EMA] Reinitialized 1 dead prototypes
2026-03-26 05:21:39,588 | INFO |   [EMA] Reinitialized 1 dead prototypes
2026-03-26 05:21:43,496 | INFO |   [EMA] Reinitialized 1 dead prototypes
2026-03-26 05:23:52,746 | INFO |   [EMA] Reinitialized 1 dead prototypes
2026-03-26 05:24:20,092 | INFO |   [EMA] Reinitialized 1 dead prototypes
2026-03-26 05:24:24,040 | INFO |   [EMA] Reinitialized 2 dead prototypes
2026-03-26 05:24:31,896 | INFO |   [EMA] Reinitialized 1 dead prototypes
2026-03-26 05:24:51,399 | INFO |   [EMA] Reinitialized 1 dead prototypes
2026-03-26 05:25:03,152 | INFO |   [EMA] Reinitialized 1 dead prototypes
2026-03-26 05:25:07,071 | INFO |   [EMA] Reinitialized 1 dead prototypes
2026-03-26 05:25:10,996 | INFO |   [EMA] Reinitialized 1 dead prototypes
2026-03-26 05:25:26,639 | INFO |   [EMA] Reinitialized 2 dead prototypes
2026-03-26 05:25:30,521 | INFO |   [EMA] Reinitialized 1 dead prototypes
2026-03-26 05:25:38,283 | INFO |   [EMA] Reinitialized 1 dead prototypes
2026-03-26 05:25:42,244 | INFO |   [EMA] Reinitialized 1 dead prototypes
2026-03-26 05:25:46,107 | INFO |   [EMA] Reinitialized 1 dead prototypes
2026-03-26 05:26:05,664 | INFO |   [EMA] Reinitialized 2 dead prototypes
2026-03-26 05:27:04,379 | INFO |   [EMA] Reinitialized 2 dead prototypes
2026-03-26 05:27:08,265 | INFO |   [EMA] Reinitialized 1 dead prototypes
2026-03-26 05:27:31,670 | INFO |   [EMA] Reinitialized 1 dead prototypes
2026-03-26 05:27:39,552 | INFO |   [EMA] Reinitialized 2 dead prototypes
2026-03-26 05:28:18,635 | INFO |   [EMA] Reinitialized 1 dead prototypes
2026-03-26 05:28:38,288 | INFO |   [EMA] Reinitialized 1 dead prototypes
2026-03-26 05:29:09,795 | INFO |   [EMA] Reinitialized 1 dead prototypes
2026-03-26 05:29:41,157 | INFO |   [EMA] Reinitialized 1 dead prototypes
2026-03-26 05:30:20,410 | INFO |   [EMA] Reinitialized 1 dead prototypes
2026-03-26 05:31:03,494 | INFO |   [EMA] Reinitialized 1 dead prototypes
2026-03-26 05:31:27,039 | INFO |   [EMA] Reinitialized 1 dead prototypes
2026-03-26 05:31:31,013 | INFO |   [EMA] Reinitialized 1 dead prototypes
2026-03-26 05:31:42,805 | INFO |   [EMA] Reinitialized 1 dead prototypes
2026-03-26 05:33:36,394 | INFO |   [EMA] Reinitialized 1 dead prototypes
2026-03-26 05:33:40,296 | INFO |   [EMA] Reinitialized 1 dead prototypes
2026-03-26 05:33:48,147 | INFO |   [EMA] Reinitialized 1 dead prototypes
2026-03-26 05:34:27,207 | INFO |   [EMA] Reinitialized 1 dead prototypes
2026-03-26 05:34:34,939 | INFO |   [EMA] Reinitialized 1 dead prototypes
2026-03-26 05:34:38,848 | INFO |   [EMA] Reinitialized 1 dead prototypes
2026-03-26 05:35:41,505 | INFO |   [EMA] Reinitialized 1 dead prototypes
2026-03-26 05:36:08,927 | INFO |   [EMA] Reinitialized 1 dead prototypes
2026-03-26 05:36:16,735 | INFO |   [EMA] Reinitialized 2 dead prototypes
2026-03-26 05:36:40,077 | INFO |   [EMA] Reinitialized 1 dead prototypes
2026-03-26 05:37:03,569 | INFO |   [EMA] Reinitialized 1 dead prototypes
2026-03-26 05:37:23,098 | INFO |   [EMA] Reinitialized 1 dead prototypes
2026-03-26 05:39:27,984 | INFO |   [EMA] Reinitialized 1 dead prototypes
2026-03-26 05:41:01,334 | INFO |   [EMA] Reinitialized 1 dead prototypes
2026-03-26 05:41:13,054 | INFO |   [EMA] Reinitialized 1 dead prototypes
2026-03-26 05:42:07,376 | INFO |   [EMA] Reinitialized 1 dead prototypes
2026-03-26 05:43:32,593 | INFO |   [EMA] Reinitialized 1 dead prototypes
2026-03-26 05:43:40,340 | INFO |   [EMA] Reinitialized 1 dead prototypes
2026-03-26 05:45:45,348 | INFO |   [EMA] Reinitialized 1 dead prototypes
2026-03-26 05:46:55,917 | INFO |   [EMA] Reinitialized 1 dead prototypes
2026-03-26 05:48:37,528 | INFO |   [EMA] Reinitialized 1 dead prototypes
2026-03-26 05:53:36,790 | INFO | Epoch 8: train_loss=4.5952, val_loss=6.6378
2026-03-26 05:53:36,791 | INFO | EPOCH_SUMMARY | epoch=8 | train_loss=4.595159 | val_loss=6.637758 | swav_alpha=0.5 | tau=0.039861 | lr=0.00009177
2026-03-26 05:55:10,755 | INFO |   [EMA] Reinitialized 1 dead prototypes
2026-03-26 05:56:40,714 | INFO |   [EMA] Reinitialized 1 dead prototypes
2026-03-26 05:57:19,734 | INFO |   [EMA] Reinitialized 1 dead prototypes
2026-03-26 05:57:27,565 | INFO |   [EMA] Reinitialized 1 dead prototypes
2026-03-26 05:58:14,562 | INFO |   [EMA] Reinitialized 1 dead prototypes
2026-03-26 06:02:57,076 | INFO |   [EMA] Reinitialized 1 dead prototypes
2026-03-26 06:03:28,398 | INFO |   [EMA] Reinitialized 1 dead prototypes
2026-03-26 06:04:30,900 | INFO |   [EMA] Reinitialized 1 dead prototypes
2026-03-26 06:05:17,739 | INFO |   [EMA] Reinitialized 1 dead prototypes
2026-03-26 06:12:16,154 | INFO |   [EMA] Reinitialized 1 dead prototypes
2026-03-26 06:18:43,710 | INFO |   [EMA] Reinitialized 1 dead prototypes
2026-03-26 06:20:13,677 | INFO |   [EMA] Reinitialized 1 dead prototypes
2026-03-26 06:20:52,821 | INFO |   [EMA] Reinitialized 1 dead prototypes
2026-03-26 06:25:46,154 | INFO |   [EMA] Reinitialized 1 dead prototypes
2026-03-26 06:28:02,799 | INFO |   [EMA] Reinitialized 1 dead prototypes
2026-03-26 06:34:13,964 | INFO |   [EMA] Reinitialized 1 dead prototypes
2026-03-26 06:35:04,580 | INFO |   [EMA] Reinitialized 1 dead prototypes
2026-03-26 06:37:02,206 | INFO |   [EMA] Reinitialized 1 dead prototypes
2026-03-26 06:41:04,734 | INFO |   [EMA] Reinitialized 1 dead prototypes
2026-03-26 06:50:09,133 | INFO |   [EMA] Reinitialized 1 dead prototypes
2026-03-26 06:50:16,930 | INFO |   [EMA] Reinitialized 1 dead prototypes
2026-03-26 06:50:40,019 | INFO |   [EMA] Reinitialized 1 dead prototypes
2026-03-26 06:51:38,087 | INFO |   [EMA] Reinitialized 1 dead prototypes
2026-03-26 06:54:28,958 | INFO |   [EMA] Reinitialized 1 dead prototypes
2026-03-26 06:56:57,227 | INFO |   [EMA] Reinitialized 1 dead prototypes
2026-03-26 07:04:53,230 | INFO | Epoch 9: train_loss=4.5088, val_loss=6.6477
2026-03-26 07:04:53,231 | INFO | EPOCH_SUMMARY | epoch=9 | train_loss=4.508765 | val_loss=6.647692 | swav_alpha=0.5 | tau=0.036611 | lr=0.00008830
2026-03-26 07:06:39,202 | INFO |   [EMA] Reinitialized 1 dead prototypes
2026-03-26 07:07:14,373 | INFO |   [EMA] Reinitialized 1 dead prototypes
2026-03-26 07:08:24,837 | INFO |   [EMA] Reinitialized 1 dead prototypes
2026-03-26 07:09:04,091 | INFO |   [EMA] Reinitialized 1 dead prototypes
2026-03-26 07:15:43,280 | INFO |   [EMA] Reinitialized 1 dead prototypes
2026-03-26 07:20:32,737 | INFO |   [EMA] Reinitialized 1 dead prototypes
2026-03-26 07:21:04,060 | INFO |   [EMA] Reinitialized 1 dead prototypes
2026-03-26 07:24:39,302 | INFO |   [EMA] Reinitialized 1 dead prototypes
2026-03-26 07:30:43,597 | INFO |   [EMA] Reinitialized 2 dead prototypes
2026-03-26 07:32:36,864 | INFO |   [EMA] Reinitialized 1 dead prototypes
2026-03-26 07:33:19,740 | INFO |   [EMA] Reinitialized 1 dead prototypes
2026-03-26 07:35:25,068 | INFO |   [EMA] Reinitialized 1 dead prototypes
2026-03-26 07:38:41,144 | INFO |   [EMA] Reinitialized 1 dead prototypes
2026-03-26 07:40:27,023 | INFO |   [EMA] Reinitialized 1 dead prototypes
2026-03-26 07:44:02,341 | INFO |   [EMA] Reinitialized 1 dead prototypes
2026-03-26 07:45:32,607 | INFO |   [EMA] Reinitialized 1 dead prototypes
2026-03-26 07:45:36,491 | INFO |   [EMA] Reinitialized 1 dead prototypes
2026-03-26 07:48:44,869 | INFO |   [EMA] Reinitialized 1 dead prototypes
2026-03-26 07:51:37,702 | INFO |   [EMA] Reinitialized 1 dead prototypes
2026-03-26 07:53:54,594 | INFO |   [EMA] Reinitialized 1 dead prototypes
2026-03-26 07:54:49,463 | INFO |   [EMA] Reinitialized 1 dead prototypes
2026-03-26 07:58:13,529 | INFO |   [EMA] Reinitialized 1 dead prototypes
2026-03-26 07:59:12,363 | INFO |   [EMA] Reinitialized 1 dead prototypes
2026-03-26 07:59:20,190 | INFO |   [EMA] Reinitialized 1 dead prototypes
2026-03-26 08:00:42,394 | INFO |   [EMA] Reinitialized 1 dead prototypes
2026-03-26 08:00:46,298 | INFO |   [EMA] Reinitialized 1 dead prototypes
2026-03-26 08:01:09,744 | INFO |   [EMA] Reinitialized 1 dead prototypes
2026-03-26 08:04:31,482 | INFO |   [EMA] Reinitialized 1 dead prototypes
2026-03-26 08:04:35,397 | INFO |   [EMA] Reinitialized 1 dead prototypes
2026-03-26 08:06:43,617 | INFO |   [EMA] Reinitialized 1 dead prototypes
2026-03-26 08:07:38,296 | INFO |   [EMA] Reinitialized 1 dead prototypes
2026-03-26 08:09:47,192 | INFO |   [EMA] Reinitialized 1 dead prototypes
2026-03-26 08:10:30,267 | INFO |   [EMA] Reinitialized 1 dead prototypes
2026-03-26 08:16:12,877 | INFO | Epoch 10: train_loss=4.4055, val_loss=6.6841
2026-03-26 08:16:12,878 | INFO | EPOCH_SUMMARY | epoch=10 | train_loss=4.405528 | val_loss=6.684086 | swav_alpha=0.5 | tau=0.033884 | lr=0.00008431
2026-03-26 08:19:13,153 | INFO |   [EMA] Reinitialized 1 dead prototypes
2026-03-26 08:24:42,547 | INFO |   [EMA] Reinitialized 1 dead prototypes
2026-03-26 08:25:56,870 | INFO |   [EMA] Reinitialized 1 dead prototypes
2026-03-26 08:27:03,550 | INFO |   [EMA] Reinitialized 1 dead prototypes
2026-03-26 08:39:50,226 | INFO |   [EMA] Reinitialized 1 dead prototypes
2026-03-26 08:48:30,813 | INFO |   [EMA] Reinitialized 1 dead prototypes
2026-03-26 08:49:05,938 | INFO |   [EMA] Reinitialized 1 dead prototypes
2026-03-26 08:49:41,084 | INFO |   [EMA] Reinitialized 1 dead prototypes
2026-03-26 08:53:11,892 | INFO |   [EMA] Reinitialized 1 dead prototypes
2026-03-26 08:54:18,300 | INFO |   [EMA] Reinitialized 1 dead prototypes
2026-03-26 08:55:24,578 | INFO |   [EMA] Reinitialized 1 dead prototypes
2026-03-26 08:55:51,862 | INFO |   [EMA] Reinitialized 1 dead prototypes
2026-03-26 08:56:50,410 | INFO |   [EMA] Reinitialized 1 dead prototypes
2026-03-26 09:01:55,624 | INFO |   [EMA] Reinitialized 1 dead prototypes
2026-03-26 09:05:19,492 | INFO |   [EMA] Reinitialized 1 dead prototypes
2026-03-26 09:10:16,910 | INFO |   [EMA] Reinitialized 1 dead prototypes
2026-03-26 09:14:53,617 | INFO |   [EMA] Reinitialized 1 dead prototypes
2026-03-26 09:17:25,313 | INFO |   [EMA] Reinitialized 1 dead prototypes
2026-03-26 09:20:40,663 | INFO |   [EMA] Reinitialized 1 dead prototypes
2026-03-26 09:27:30,174 | INFO | Epoch 11: train_loss=4.3624, val_loss=6.6771
2026-03-26 09:27:30,175 | INFO | EPOCH_SUMMARY | epoch=11 | train_loss=4.362423 | val_loss=6.677100 | swav_alpha=0.5 | tau=0.031194 | lr=0.00007986
2026-03-26 09:28:25,194 | INFO |   [EMA] Reinitialized 1 dead prototypes
2026-03-26 09:29:39,494 | INFO |   [EMA] Reinitialized 1 dead prototypes
2026-03-26 09:37:21,508 | INFO |   [EMA] Reinitialized 1 dead prototypes
2026-03-26 09:37:41,044 | INFO |   [EMA] Reinitialized 1 dead prototypes
2026-03-26 09:46:21,428 | INFO |   [EMA] Reinitialized 1 dead prototypes
2026-03-26 09:48:26,686 | INFO |   [EMA] Reinitialized 1 dead prototypes
2026-03-26 09:56:09,858 | INFO |   [EMA] Reinitialized 1 dead prototypes
2026-03-26 10:04:08,107 | INFO |   [EMA] Reinitialized 1 dead prototypes
2026-03-26 10:04:24,069 | INFO |   [EMA] Reinitialized 1 dead prototypes
2026-03-26 10:05:35,888 | INFO |   [EMA] Reinitialized 1 dead prototypes
2026-03-26 10:05:59,731 | INFO |   [EMA] Reinitialized 1 dead prototypes
2026-03-26 10:07:23,297 | INFO |   [EMA] Reinitialized 1 dead prototypes
2026-03-26 10:09:54,181 | INFO |   [EMA] Reinitialized 1 dead prototypes
2026-03-26 10:10:09,991 | INFO |   [EMA] Reinitialized 1 dead prototypes
2026-03-26 10:12:37,644 | INFO |   [EMA] Reinitialized 1 dead prototypes
2026-03-26 10:13:33,452 | INFO |   [EMA] Reinitialized 1 dead prototypes
2026-03-26 10:14:13,517 | INFO |   [EMA] Reinitialized 1 dead prototypes
2026-03-26 10:19:53,514 | INFO |   [EMA] Reinitialized 1 dead prototypes
2026-03-26 10:20:29,133 | INFO |   [EMA] Reinitialized 1 dead prototypes
2026-03-26 10:22:04,818 | INFO |   [EMA] Reinitialized 1 dead prototypes
2026-03-26 10:25:02,781 | INFO |   [EMA] Reinitialized 1 dead prototypes
2026-03-26 10:25:10,671 | INFO |   [EMA] Reinitialized 1 dead prototypes
2026-03-26 10:26:42,151 | INFO |   [EMA] Reinitialized 3 dead prototypes
2026-03-26 10:27:01,896 | INFO |   [EMA] Reinitialized 1 dead prototypes
2026-03-26 10:30:56,038 | INFO |   [EMA] Reinitialized 1 dead prototypes
2026-03-26 10:31:55,886 | INFO |   [EMA] Reinitialized 1 dead prototypes
2026-03-26 10:32:39,817 | INFO |   [EMA] Reinitialized 1 dead prototypes
2026-03-26 10:39:38,891 | INFO | Epoch 12: train_loss=4.2813, val_loss=6.7115
2026-03-26 10:39:38,894 | INFO | EPOCH_SUMMARY | epoch=12 | train_loss=4.281341 | val_loss=6.711451 | swav_alpha=0.5 | tau=0.029273 | lr=0.00007500
2026-03-26 10:40:11,367 | INFO |   [EMA] Reinitialized 1 dead prototypes
2026-03-26 10:40:31,527 | INFO |   [EMA] Reinitialized 1 dead prototypes
2026-03-26 10:43:44,461 | INFO |   [EMA] Reinitialized 1 dead prototypes
2026-03-26 10:44:28,889 | INFO |   [EMA] Reinitialized 1 dead prototypes
2026-03-26 10:45:01,176 | INFO |   [EMA] Reinitialized 1 dead prototypes
2026-03-26 10:46:34,011 | INFO |   [EMA] Reinitialized 1 dead prototypes
2026-03-26 10:46:54,047 | INFO |   [EMA] Reinitialized 1 dead prototypes
2026-03-26 10:47:46,123 | INFO |   [EMA] Reinitialized 1 dead prototypes
2026-03-26 10:53:36,489 | INFO |   [EMA] Reinitialized 1 dead prototypes
2026-03-26 11:00:14,129 | INFO |   [EMA] Reinitialized 1 dead prototypes
2026-03-26 11:01:22,066 | INFO |   [EMA] Reinitialized 1 dead prototypes
2026-03-26 11:05:39,452 | INFO |   [EMA] Reinitialized 1 dead prototypes
2026-03-26 11:10:25,666 | INFO |   [EMA] Reinitialized 1 dead prototypes
2026-03-26 11:11:16,717 | INFO |   [EMA] Reinitialized 1 dead prototypes
2026-03-26 11:11:24,570 | INFO |   [EMA] Reinitialized 1 dead prototypes
2026-03-26 11:15:20,078 | INFO |   [EMA] Reinitialized 1 dead prototypes
2026-03-26 11:16:14,707 | INFO |   [EMA] Reinitialized 1 dead prototypes
2026-03-26 11:20:41,263 | INFO |   [EMA] Reinitialized 1 dead prototypes
2026-03-26 11:21:28,234 | INFO |   [EMA] Reinitialized 2 dead prototypes
2026-03-26 11:21:43,991 | INFO |   [EMA] Reinitialized 1 dead prototypes
2026-03-26 11:22:34,904 | INFO |   [EMA] Reinitialized 1 dead prototypes
2026-03-26 11:22:38,838 | INFO |   [EMA] Reinitialized 1 dead prototypes
2026-03-26 11:23:02,280 | INFO |   [EMA] Reinitialized 1 dead prototypes
2026-03-26 11:23:49,114 | INFO |   [EMA] Reinitialized 1 dead prototypes
2026-03-26 11:25:18,999 | INFO |   [EMA] Reinitialized 2 dead prototypes
2026-03-26 11:26:02,135 | INFO |   [EMA] Reinitialized 1 dead prototypes
2026-03-26 11:27:43,704 | INFO |   [EMA] Reinitialized 1 dead prototypes
2026-03-26 11:27:59,384 | INFO |   [EMA] Reinitialized 1 dead prototypes
2026-03-26 11:30:04,686 | INFO |   [EMA] Reinitialized 1 dead prototypes
2026-03-26 11:30:51,657 | INFO |   [EMA] Reinitialized 1 dead prototypes
2026-03-26 11:31:50,404 | INFO |   [EMA] Reinitialized 1 dead prototypes
2026-03-26 11:33:55,509 | INFO |   [EMA] Reinitialized 1 dead prototypes
2026-03-26 11:34:38,435 | INFO |   [EMA] Reinitialized 1 dead prototypes
2026-03-26 11:36:23,851 | INFO |   [EMA] Reinitialized 1 dead prototypes
2026-03-26 11:37:45,831 | INFO |   [EMA] Reinitialized 1 dead prototypes
2026-03-26 11:44:15,941 | INFO |   [EMA] Reinitialized 1 dead prototypes
2026-03-26 11:44:31,665 | INFO |   [EMA] Reinitialized 1 dead prototypes
2026-03-26 11:51:36,377 | INFO | Epoch 13: train_loss=4.2244, val_loss=6.7360
2026-03-26 11:51:36,379 | INFO | EPOCH_SUMMARY | epoch=13 | train_loss=4.224428 | val_loss=6.736005 | swav_alpha=0.5 | tau=0.027353 | lr=0.00006980
2026-03-26 11:51:48,349 | INFO |   [EMA] Reinitialized 1 dead prototypes
2026-03-26 11:53:53,910 | INFO |   [EMA] Reinitialized 1 dead prototypes
2026-03-26 11:57:41,032 | INFO |   [EMA] Reinitialized 1 dead prototypes
2026-03-26 12:00:25,368 | INFO |   [EMA] Reinitialized 1 dead prototypes
2026-03-26 12:09:26,479 | INFO |   [EMA] Reinitialized 1 dead prototypes
2026-03-26 12:20:51,773 | INFO |   [EMA] Reinitialized 1 dead prototypes
2026-03-26 12:23:13,122 | INFO |   [EMA] Reinitialized 1 dead prototypes
2026-03-26 12:32:53,774 | INFO |   [EMA] Reinitialized 1 dead prototypes
2026-03-26 12:36:40,800 | INFO |   [EMA] Reinitialized 1 dead prototypes
2026-03-26 12:39:45,268 | INFO |   [EMA] Reinitialized 1 dead prototypes
2026-03-26 12:41:15,161 | INFO |   [EMA] Reinitialized 1 dead prototypes
2026-03-26 12:41:58,104 | INFO |   [EMA] Reinitialized 1 dead prototypes
2026-03-26 12:46:47,184 | INFO |   [EMA] Reinitialized 1 dead prototypes
2026-03-26 12:48:47,356 | INFO |   [EMA] Reinitialized 1 dead prototypes
2026-03-26 12:49:45,441 | INFO |   [EMA] Reinitialized 1 dead prototypes
2026-03-26 13:02:55,284 | INFO | Epoch 14: train_loss=4.1428, val_loss=6.7559
2026-03-26 13:02:55,285 | INFO | EPOCH_SUMMARY | epoch=14 | train_loss=4.142777 | val_loss=6.755947 | swav_alpha=0.5 | tau=0.025980 | lr=0.00006434
2026-03-26 13:15:07,581 | INFO |   [EMA] Reinitialized 1 dead prototypes
2026-03-26 13:25:06,568 | INFO |   [EMA] Reinitialized 1 dead prototypes
2026-03-26 13:29:32,111 | INFO |   [EMA] Reinitialized 1 dead prototypes
2026-03-26 13:33:38,198 | INFO |   [EMA] Reinitialized 1 dead prototypes
2026-03-26 13:34:09,470 | INFO |   [EMA] Reinitialized 1 dead prototypes
2026-03-26 13:36:49,536 | INFO |   [EMA] Reinitialized 1 dead prototypes
2026-03-26 13:37:28,541 | INFO |   [EMA] Reinitialized 1 dead prototypes
2026-03-26 13:45:12,835 | INFO |   [EMA] Reinitialized 1 dead prototypes
2026-03-26 13:52:41,712 | INFO |   [EMA] Reinitialized 1 dead prototypes
2026-03-26 13:54:42,086 | INFO |   [EMA] Reinitialized 1 dead prototypes
2026-03-26 13:59:05,911 | INFO |   [EMA] Reinitialized 1 dead prototypes
2026-03-26 14:00:58,052 | INFO |   [EMA] Reinitialized 1 dead prototypes
2026-03-26 14:01:40,641 | INFO |   [EMA] Reinitialized 1 dead prototypes
2026-03-26 14:03:06,303 | INFO |   [EMA] Reinitialized 1 dead prototypes
2026-03-26 14:14:04,765 | INFO | Epoch 15: train_loss=4.1172, val_loss=6.7556
2026-03-26 14:14:04,765 | INFO | EPOCH_SUMMARY | epoch=15 | train_loss=4.117189 | val_loss=6.755595 | swav_alpha=0.5 | tau=0.024493 | lr=0.00005868
2026-03-26 15:01:42,384 | INFO |   [EMA] Reinitialized 1 dead prototypes
2026-03-26 15:11:31,868 | INFO |   [EMA] Reinitialized 1 dead prototypes
2026-03-26 15:25:23,218 | INFO | Epoch 16: train_loss=4.0644, val_loss=6.8138
2026-03-26 15:25:23,236 | INFO | EPOCH_SUMMARY | epoch=16 | train_loss=4.064438 | val_loss=6.813796 | swav_alpha=0.5 | tau=0.023416 | lr=0.00005291
2026-03-26 15:40:38,899 | INFO |   [EMA] Reinitialized 1 dead prototypes
2026-03-26 15:52:55,287 | INFO |   [EMA] Reinitialized 1 dead prototypes
2026-03-26 15:53:14,721 | INFO |   [EMA] Reinitialized 2 dead prototypes
2026-03-26 15:59:45,097 | INFO |   [EMA] Reinitialized 1 dead prototypes
2026-03-26 16:02:02,723 | INFO |   [EMA] Reinitialized 1 dead prototypes
2026-03-26 16:04:28,819 | INFO |   [EMA] Reinitialized 1 dead prototypes
2026-03-26 16:04:32,786 | INFO |   [EMA] Reinitialized 1 dead prototypes
2026-03-26 16:11:38,867 | INFO |   [EMA] Reinitialized 1 dead prototypes
2026-03-26 16:14:27,547 | INFO |   [EMA] Reinitialized 1 dead prototypes
2026-03-26 16:15:02,944 | INFO |   [EMA] Reinitialized 1 dead prototypes
2026-03-26 16:20:34,502 | INFO |   [EMA] Reinitialized 1 dead prototypes
2026-03-26 16:21:25,123 | INFO |   [EMA] Reinitialized 1 dead prototypes
2026-03-26 16:21:52,205 | INFO |   [EMA] Reinitialized 1 dead prototypes
2026-03-26 16:23:05,739 | INFO |   [EMA] Reinitialized 1 dead prototypes
2026-03-26 16:26:48,045 | INFO |   [EMA] Reinitialized 1 dead prototypes
2026-03-26 16:37:08,925 | INFO | Epoch 17: train_loss=4.0064, val_loss=6.8391
2026-03-26 16:37:08,926 | INFO | EPOCH_SUMMARY | epoch=17 | train_loss=4.006353 | val_loss=6.839097 | swav_alpha=0.5 | tau=0.022485 | lr=0.00004709
2026-03-26 16:37:52,046 | INFO |   [EMA] Reinitialized 1 dead prototypes
2026-03-26 16:40:08,364 | INFO |   [EMA] Reinitialized 1 dead prototypes
2026-03-26 16:43:59,157 | INFO |   [EMA] Reinitialized 1 dead prototypes
2026-03-26 16:44:18,705 | INFO |   [EMA] Reinitialized 1 dead prototypes
2026-03-26 16:45:44,660 | INFO |   [EMA] Reinitialized 1 dead prototypes
2026-03-26 16:49:23,422 | INFO |   [EMA] Reinitialized 1 dead prototypes
2026-03-26 16:50:10,306 | INFO |   [EMA] Reinitialized 1 dead prototypes
2026-03-26 16:52:38,598 | INFO |   [EMA] Reinitialized 1 dead prototypes
2026-03-26 16:53:09,851 | INFO |   [EMA] Reinitialized 1 dead prototypes
2026-03-26 16:56:41,316 | INFO |   [EMA] Reinitialized 1 dead prototypes
2026-03-26 17:00:08,572 | INFO |   [EMA] Reinitialized 1 dead prototypes
2026-03-26 17:11:23,787 | INFO |   [EMA] Reinitialized 1 dead prototypes
2026-03-26 17:16:17,135 | INFO |   [EMA] Reinitialized 1 dead prototypes
2026-03-26 17:21:34,035 | INFO |   [EMA] Reinitialized 1 dead prototypes
2026-03-26 17:23:12,354 | INFO |   [EMA] Reinitialized 1 dead prototypes
2026-03-26 17:27:50,351 | INFO |   [EMA] Reinitialized 1 dead prototypes
2026-03-26 17:31:36,352 | INFO |   [EMA] Reinitialized 1 dead prototypes
2026-03-26 17:31:47,883 | INFO |   [EMA] Reinitialized 1 dead prototypes
2026-03-26 17:34:10,998 | INFO |   [EMA] Reinitialized 2 dead prototypes
2026-03-26 17:34:41,830 | INFO |   [EMA] Reinitialized 1 dead prototypes
2026-03-26 17:34:49,643 | INFO |   [EMA] Reinitialized 1 dead prototypes
2026-03-26 17:37:37,175 | INFO |   [EMA] Reinitialized 1 dead prototypes
2026-03-26 17:40:48,727 | INFO |   [EMA] Reinitialized 1 dead prototypes
2026-03-26 17:42:38,293 | INFO |   [EMA] Reinitialized 1 dead prototypes
2026-03-26 17:48:20,642 | INFO | Epoch 18: train_loss=3.9793, val_loss=6.8325
2026-03-26 17:48:20,643 | INFO | EPOCH_SUMMARY | epoch=18 | train_loss=3.979307 | val_loss=6.832457 | swav_alpha=0.5 | tau=0.021644 | lr=0.00004132
2026-03-26 17:53:30,239 | INFO |   [EMA] Reinitialized 1 dead prototypes
2026-03-26 17:54:13,142 | INFO |   [EMA] Reinitialized 1 dead prototypes
2026-03-26 17:59:18,360 | INFO |   [EMA] Reinitialized 1 dead prototypes
2026-03-26 18:00:28,754 | INFO |   [EMA] Reinitialized 1 dead prototypes
2026-03-26 18:03:43,878 | INFO |   [EMA] Reinitialized 1 dead prototypes
2026-03-26 18:07:39,262 | INFO |   [EMA] Reinitialized 1 dead prototypes
2026-03-26 18:10:07,854 | INFO |   [EMA] Reinitialized 1 dead prototypes
2026-03-26 18:15:12,809 | INFO |   [EMA] Reinitialized 1 dead prototypes
2026-03-26 18:19:46,394 | INFO |   [EMA] Reinitialized 1 dead prototypes
2026-03-26 18:22:34,551 | INFO |   [EMA] Reinitialized 1 dead prototypes
2026-03-26 18:23:48,693 | INFO |   [EMA] Reinitialized 1 dead prototypes
2026-03-26 18:26:17,284 | INFO |   [EMA] Reinitialized 1 dead prototypes
2026-03-26 18:26:36,803 | INFO |   [EMA] Reinitialized 1 dead prototypes
2026-03-26 18:32:35,898 | INFO |   [EMA] Reinitialized 1 dead prototypes
2026-03-26 18:34:17,236 | INFO |   [EMA] Reinitialized 1 dead prototypes
2026-03-26 18:37:21,048 | INFO |   [EMA] Reinitialized 1 dead prototypes
2026-03-26 18:39:37,618 | INFO |   [EMA] Reinitialized 1 dead prototypes
2026-03-26 18:43:07,350 | INFO |   [EMA] Reinitialized 1 dead prototypes
2026-03-26 18:43:26,711 | INFO |   [EMA] Reinitialized 1 dead prototypes
2026-03-26 18:46:48,493 | INFO |   [EMA] Reinitialized 1 dead prototypes
2026-03-26 18:47:08,000 | INFO |   [EMA] Reinitialized 1 dead prototypes
2026-03-26 18:47:23,666 | INFO |   [EMA] Reinitialized 1 dead prototypes
2026-03-26 18:49:36,271 | INFO |   [EMA] Reinitialized 1 dead prototypes
2026-03-26 18:52:51,747 | INFO |   [EMA] Reinitialized 1 dead prototypes
2026-03-26 18:59:32,451 | INFO | Epoch 19: train_loss=3.9545, val_loss=6.8709
2026-03-26 18:59:32,451 | INFO | EPOCH_SUMMARY | epoch=19 | train_loss=3.954477 | val_loss=6.870884 | swav_alpha=0.5 | tau=0.020920 | lr=0.00003566
2026-03-26 19:04:22,138 | INFO |   [EMA] Reinitialized 1 dead prototypes
2026-03-26 19:22:02,082 | INFO |   [EMA] Reinitialized 1 dead prototypes
2026-03-26 19:24:09,075 | INFO |   [EMA] Reinitialized 1 dead prototypes
2026-03-26 20:20:05,266 | INFO |   [EMA] Reinitialized 1 dead prototypes
2026-03-26 21:17:53,879 | INFO | Epoch 20: train_loss=3.9288, val_loss=6.8827
2026-03-26 21:17:53,879 | INFO | EPOCH_SUMMARY | epoch=20 | train_loss=3.928771 | val_loss=6.882671 | swav_alpha=0.5 | tau=0.020316 | lr=0.00003020
2026-03-26 21:22:55,963 | INFO |   [EMA] Reinitialized 1 dead prototypes
2026-03-26 21:48:58,910 | INFO |   [EMA] Reinitialized 1 dead prototypes
2026-03-26 22:04:17,384 | INFO |   [EMA] Reinitialized 1 dead prototypes
2026-03-26 22:18:27,965 | INFO |   [EMA] Reinitialized 1 dead prototypes
2026-03-26 22:51:14,678 | INFO |   [EMA] Reinitialized 1 dead prototypes
2026-03-26 23:09:31,728 | INFO |   [EMA] Reinitialized 1 dead prototypes
2026-03-26 23:42:33,869 | INFO | Epoch 21: train_loss=3.9064, val_loss=6.9007
2026-03-26 23:42:33,871 | INFO | EPOCH_SUMMARY | epoch=21 | train_loss=3.906390 | val_loss=6.900721 | swav_alpha=0.5 | tau=0.019821 | lr=0.00002500
2026-03-27 00:01:59,555 | INFO |   [EMA] Reinitialized 1 dead prototypes
2026-03-27 00:14:48,871 | INFO |   [EMA] Reinitialized 1 dead prototypes
2026-03-27 00:15:12,920 | INFO |   [EMA] Reinitialized 1 dead prototypes
2026-03-27 00:26:43,859 | INFO |   [EMA] Reinitialized 1 dead prototypes
2026-03-27 00:29:38,099 | INFO |   [EMA] Reinitialized 1 dead prototypes
2026-03-27 00:32:16,726 | INFO |   [EMA] Reinitialized 1 dead prototypes
2026-03-27 00:32:48,738 | INFO |   [EMA] Reinitialized 1 dead prototypes
2026-03-27 00:37:47,997 | INFO |   [EMA] Reinitialized 1 dead prototypes
2026-03-27 01:09:45,729 | INFO |   [EMA] Reinitialized 1 dead prototypes
2026-03-27 01:29:43,424 | INFO |   [EMA] Reinitialized 1 dead prototypes
2026-03-27 01:42:53,114 | INFO |   [EMA] Reinitialized 1 dead prototypes
2026-03-27 01:50:55,619 | INFO |   [EMA] Reinitialized 1 dead prototypes
2026-03-27 01:54:29,364 | INFO |   [EMA] Reinitialized 1 dead prototypes
2026-03-27 02:06:39,154 | INFO | Epoch 22: train_loss=3.8969, val_loss=6.9154
2026-03-27 02:06:39,157 | INFO | EPOCH_SUMMARY | epoch=22 | train_loss=3.896861 | val_loss=6.915413 | swav_alpha=0.5 | tau=0.019420 | lr=0.00002014
2026-03-27 02:30:26,955 | INFO |   [EMA] Reinitialized 1 dead prototypes
2026-03-27 02:31:06,354 | INFO |   [EMA] Reinitialized 1 dead prototypes
2026-03-27 02:35:10,908 | INFO |   [EMA] Reinitialized 1 dead prototypes
2026-03-27 03:29:31,746 | INFO |   [EMA] Reinitialized 1 dead prototypes
2026-03-27 04:04:39,562 | INFO |   [EMA] Reinitialized 1 dead prototypes
2026-03-27 04:30:56,636 | INFO | Epoch 23: train_loss=3.8766, val_loss=6.9087
2026-03-27 04:30:56,639 | INFO | EPOCH_SUMMARY | epoch=23 | train_loss=3.876609 | val_loss=6.908738 | swav_alpha=0.5 | tau=0.019104 | lr=0.00001569
2026-03-27 05:00:02,844 | INFO |   [EMA] Reinitialized 1 dead prototypes
2026-03-27 06:20:16,440 | INFO |   [EMA] Reinitialized 1 dead prototypes
2026-03-27 06:55:40,522 | INFO | Epoch 24: train_loss=3.8678, val_loss=6.9206
2026-03-27 06:55:40,527 | INFO | EPOCH_SUMMARY | epoch=24 | train_loss=3.867755 | val_loss=6.920583 | swav_alpha=0.5 | tau=0.018865 | lr=0.00001170
2026-03-27 07:20:27,663 | INFO |   [EMA] Reinitialized 1 dead prototypes
2026-03-27 09:20:45,604 | INFO | Epoch 25: train_loss=3.8475, val_loss=6.9130
2026-03-27 09:20:45,607 | INFO | EPOCH_SUMMARY | epoch=25 | train_loss=3.847463 | val_loss=6.913024 | swav_alpha=0.5 | tau=0.018698 | lr=0.00000823
